# JRE version: OpenJDK Runtime Environment (8.0_222-b10) (build 1.8.0_222-8u222-b10-1ubuntu1~18.04.1-b10)
# Java VM: OpenJDK 64-Bit Server VM (25.222-b10 mixed mode linux-amd64 compressed oops)
Heap:
 PSYoungGen      total 202240K, used 7660K [0x0000000781f00000, 0x000000078ec00000, 0x00000007c0000000)
  eden space 194560K, 0% used [0x0000000781f00000,0x0000000781f00000,0x000000078dd00000)
  from space 7680K, 99% used [0x000000078dd00000,0x000000078e47b298,0x000000078e480000)
  to   space 7680K, 0% used [0x000000078e480000,0x000000078e480000,0x000000078ec00000)
 ParOldGen       total 62464K, used 10916K [0x0000000705c00000, 0x0000000709900000, 0x0000000781f00000)
  object space 62464K, 17% used [0x0000000705c00000,0x00000007066a91a0,0x0000000709900000)
 Metaspace       used 31431K, capacity 33328K, committed 33404K, reserved 1079296K
  class space    used 4113K, capacity 4480K, committed 4480K, reserved 1048576K
GC Heap History (10 events):
Event: 0,598 GC heap after
Heap after GC invocations=1 (full 0):
 PSYoungGen      total 56320K, used 5645K [0x0000000781f00000, 0x0000000788d00000, 0x00000007c0000000)
  eden space 48640K, 0% used [0x0000000781f00000,0x0000000781f00000,0x0000000784e80000)
  from space 7680K, 73% used [0x0000000784e80000,0x00000007854036b8,0x0000000785600000)
  to   space 7680K, 0% used [0x0000000788580000,0x0000000788580000,0x0000000788d00000)
 ParOldGen       total 128512K, used 16K [0x0000000705c00000, 0x000000070d980000, 0x0000000781f00000)
  object space 128512K, 0% used [0x0000000705c00000,0x0000000705c04000,0x000000070d980000)
 Metaspace       used 10681K, capacity 11590K, committed 11776K, reserved 1058816K
  class space    used 1319K, capacity 1515K, committed 1536K, reserved 1048576K
}
Event: 0,873 GC heap before
{Heap before GC invocations=2 (full 0):
 PSYoungGen      total 56320K, used 54285K [0x0000000781f00000, 0x0000000788d00000, 0x00000007c0000000)
  eden space 48640K, 100% used [0x0000000781f00000,0x0000000784e80000,0x0000000784e80000)
  from space 7680K, 73% used [0x0000000784e80000,0x00000007854036b8,0x0000000785600000)
  to   space 7680K, 0% used [0x0000000788580000,0x0000000788580000,0x0000000788d00000)
 ParOldGen       total 128512K, used 16K [0x0000000705c00000, 0x000000070d980000, 0x0000000781f00000)
  object space 128512K, 0% used [0x0000000705c00000,0x0000000705c04000,0x000000070d980000)
 Metaspace       used 14876K, capacity 16004K, committed 16256K, reserved 1062912K
  class space    used 1870K, capacity 2126K, committed 2176K, reserved 1048576K
Event: 0,880 GC heap after
Heap after GC invocations=2 (full 0):
 PSYoungGen      total 104960K, used 6498K [0x0000000781f00000, 0x0000000788d00000, 0x00000007c0000000)
  eden space 97280K, 0% used [0x0000000781f00000,0x0000000781f00000,0x0000000787e00000)
  from space 7680K, 84% used [0x0000000788580000,0x0000000788bd8bf8,0x0000000788d00000)
  to   space 7680K, 0% used [0x0000000787e00000,0x0000000787e00000,0x0000000788580000)
 ParOldGen       total 128512K, used 24K [0x0000000705c00000, 0x000000070d980000, 0x0000000781f00000)
  object space 128512K, 0% used [0x0000000705c00000,0x0000000705c06000,0x000000070d980000)
 Metaspace       used 14876K, capacity 16004K, committed 16256K, reserved 1062912K
  class space    used 1870K, capacity 2126K, committed 2176K, reserved 1048576K
}
Event: 1,175 GC heap before
{Heap before GC invocations=3 (full 0):
 PSYoungGen      total 104960K, used 80044K [0x0000000781f00000, 0x0000000788d00000, 0x00000007c0000000)
  eden space 97280K, 75% used [0x0000000781f00000,0x00000007866d2570,0x0000000787e00000)
  from space 7680K, 84% used [0x0000000788580000,0x0000000788bd8bf8,0x0000000788d00000)
  to   space 7680K, 0% used [0x0000000787e00000,0x0000000787e00000,0x0000000788580000)
 ParOldGen       total 128512K, used 24K [0x0000000705c00000, 0x000000070d980000, 0x0000000781f00000)
  object space 128512K, 0% used [0x0000000705c00000,0x0000000705c06000,0x000000070d980000)
 Metaspace       used 19920K, capacity 21296K, committed 21376K, reserved 1067008K
  class space    used 2651K, capacity 2928K, committed 2944K, reserved 1048576K
Event: 1,191 GC heap after
Heap after GC invocations=3 (full 0):
 PSYoungGen      total 104960K, used 7658K [0x0000000781f00000, 0x000000078ec00000, 0x00000007c0000000)
  eden space 97280K, 0% used [0x0000000781f00000,0x0000000781f00000,0x0000000787e00000)
  from space 7680K, 99% used [0x0000000787e00000,0x000000078857abc0,0x0000000788580000)
  to   space 7680K, 0% used [0x000000078e480000,0x000000078e480000,0x000000078ec00000)
 ParOldGen       total 128512K, used 1337K [0x0000000705c00000, 0x000000070d980000, 0x0000000781f00000)
  object space 128512K, 1% used [0x0000000705c00000,0x0000000705d4e630,0x000000070d980000)
 Metaspace       used 19920K, capacity 21296K, committed 21376K, reserved 1067008K
  class space    used 2651K, capacity 2928K, committed 2944K, reserved 1048576K
}
Event: 1,205 GC heap before
{Heap before GC invocations=4 (full 0):
 PSYoungGen      total 104960K, used 10357K [0x0000000781f00000, 0x000000078ec00000, 0x00000007c0000000)
  eden space 97280K, 2% used [0x0000000781f00000,0x00000007821a29c0,0x0000000787e00000)
  from space 7680K, 99% used [0x0000000787e00000,0x000000078857abc0,0x0000000788580000)
  to   space 7680K, 0% used [0x000000078e480000,0x000000078e480000,0x000000078ec00000)
 ParOldGen       total 128512K, used 1337K [0x0000000705c00000, 0x000000070d980000, 0x0000000781f00000)
  object space 128512K, 1% used [0x0000000705c00000,0x0000000705d4e630,0x000000070d980000)
 Metaspace       used 20236K, capacity 21574K, committed 21628K, reserved 1069056K
  class space    used 2692K, capacity 2939K, committed 2944K, reserved 1048576K
Event: 1,214 GC heap after
Heap after GC invocations=4 (full 0):
 PSYoungGen      total 202240K, used 5177K [0x0000000781f00000, 0x000000078ec00000, 0x00000007c0000000)
  eden space 194560K, 0% used [0x0000000781f00000,0x0000000781f00000,0x000000078dd00000)
  from space 7680K, 67% used [0x000000078e480000,0x000000078e98e680,0x000000078ec00000)
  to   space 7680K, 0% used [0x000000078dd00000,0x000000078dd00000,0x000000078e480000)
 ParOldGen       total 128512K, used 1345K [0x0000000705c00000, 0x000000070d980000, 0x0000000781f00000)
  object space 128512K, 1% used [0x0000000705c00000,0x0000000705d50630,0x000000070d980000)
 Metaspace       used 20236K, capacity 21574K, committed 21628K, reserved 1069056K
  class space    used 2692K, capacity 2939K, committed 2944K, reserved 1048576K
}
Event: 1,214 GC heap before
{Heap before GC invocations=5 (full 1):
 PSYoungGen      total 202240K, used 5177K [0x0000000781f00000, 0x000000078ec00000, 0x00000007c0000000)
  eden space 194560K, 0% used [0x0000000781f00000,0x0000000781f00000,0x000000078dd00000)
  from space 7680K, 67% used [0x000000078e480000,0x000000078e98e680,0x000000078ec00000)
  to   space 7680K, 0% used [0x000000078dd00000,0x000000078dd00000,0x000000078e480000)
 ParOldGen       total 128512K, used 1345K [0x0000000705c00000, 0x000000070d980000, 0x0000000781f00000)
  object space 128512K, 1% used [0x0000000705c00000,0x0000000705d50630,0x000000070d980000)
 Metaspace       used 20236K, capacity 21574K, committed 21628K, reserved 1069056K
  class space    used 2692K, capacity 2939K, committed 2944K, reserved 1048576K
Event: 1,238 GC heap after
Heap after GC invocations=5 (full 1):
 PSYoungGen      total 202240K, used 0K [0x0000000781f00000, 0x000000078ec00000, 0x00000007c0000000)
  eden space 194560K, 0% used [0x0000000781f00000,0x0000000781f00000,0x000000078dd00000)
  from space 7680K, 0% used [0x000000078e480000,0x000000078e480000,0x000000078ec00000)
  to   space 7680K, 0% used [0x000000078dd00000,0x000000078dd00000,0x000000078e480000)
 ParOldGen       total 62464K, used 4992K [0x0000000705c00000, 0x0000000709900000, 0x0000000781f00000)
  object space 62464K, 7% used [0x0000000705c00000,0x00000007060e0358,0x0000000709900000)
 Metaspace       used 20228K, capacity 21562K, committed 21628K, reserved 1069056K
  class space    used 2689K, capacity 2933K, committed 2944K, reserved 1048576K
}
Event: 28,717 GC heap before
{Heap before GC invocations=6 (full 1):
 PSYoungGen      total 202240K, used 194560K [0x0000000781f00000, 0x000000078ec00000, 0x00000007c0000000)
  eden space 194560K, 100% used [0x0000000781f00000,0x000000078dd00000,0x000000078dd00000)
  from space 7680K, 0% used [0x000000078e480000,0x000000078e480000,0x000000078ec00000)
  to   space 7680K, 0% used [0x000000078dd00000,0x000000078dd00000,0x000000078e480000)
 ParOldGen       total 62464K, used 4992K [0x0000000705c00000, 0x0000000709900000, 0x0000000781f00000)
  object space 62464K, 7% used [0x0000000705c00000,0x00000007060e0358,0x0000000709900000)
 Metaspace       used 31431K, capacity 33328K, committed 33404K, reserved 1079296K
  class space    used 4113K, capacity 4480K, committed 4480K, reserved 1048576K

